2024-03-17 20:46:44 [INFO] Starting minecraft server version 1.5.2
2024-03-17 20:46:44 [WARNING] To start the server with more ram, launch it as "java -Xmx1024M -Xms1024M -jar minecraft_server.jar"
2024-03-17 20:46:44 [INFO] Loading properties
2024-03-17 20:46:44 [INFO] Default game type: SURVIVAL
2024-03-17 20:46:44 [INFO] Generating keypair
2024-03-17 20:46:44 [INFO] Starting Minecraft server on 127.0.0.1:25569
2024-03-17 20:46:44 [INFO] This server is running CraftBukkit version git-Bukkit-1.5.2-R1.0-b2788jnks (MC: 1.5.2) (Implementing API version 1.5.2-R1.0)
2024-03-17 20:46:44 [WARNING] Failed to load operators list: java.io.FileNotFoundException: .\ops.txt (The system cannot find the file specified)
2024-03-17 20:46:44 [WARNING] Failed to load white-list: java.io.FileNotFoundException: .\white-list.txt (The system cannot find the file specified)
2024-03-17 20:46:44 [WARNING] **** SERVER IS RUNNING IN OFFLINE/INSECURE MODE!
2024-03-17 20:46:44 [WARNING] The server will make no attempt to authenticate usernames. Beware.
2024-03-17 20:46:44 [WARNING] While this makes the game possible to play without internet access, it also opens up the ability for hackers to connect with any username they choose.
2024-03-17 20:46:44 [WARNING] To change this, set "online-mode" to "true" in the server.properties file.
2024-03-17 20:46:44 [INFO] Preparing level "world"
2024-03-17 20:46:45 [INFO] Preparing start region for level 0 (Seed: -5136257016641068503)
2024-03-17 20:46:45 [SEVERE] Exception in thread "Thread-6" 
2024-03-17 20:46:45 [SEVERE] org.bukkit.craftbukkit.libs.com.google.gson.JsonSyntaxException: java.lang.IllegalStateException: Expected BEGIN_OBJECT but was STRING at line 1 column 7
2024-03-17 20:46:45 [SEVERE] 	at org.bukkit.craftbukkit.libs.com.google.gson.internal.bind.ReflectiveTypeAdapterFactory$Adapter.read(ReflectiveTypeAdapterFactory.java:180)
2024-03-17 20:46:45 [SEVERE] 	at org.bukkit.craftbukkit.libs.com.google.gson.Gson.fromJson(Gson.java:755)
2024-03-17 20:46:45 [SEVERE] 	at org.bukkit.craftbukkit.libs.com.google.gson.Gson.fromJson(Gson.java:694)
2024-03-17 20:46:45 [SEVERE] 	at org.bukkit.craftbukkit.v1_5_R3.updater.BukkitDLUpdaterService.fetchArtifact(BukkitDLUpdaterService.java:51)
2024-03-17 20:46:45 [SEVERE] 	at org.bukkit.craftbukkit.v1_5_R3.updater.BukkitDLUpdaterService.getArtifact(BukkitDLUpdaterService.java:28)
2024-03-17 20:46:45 [SEVERE] 	at org.bukkit.craftbukkit.v1_5_R3.updater.AutoUpdater$1.run(AutoUpdater.java:77)
2024-03-17 20:46:45 [SEVERE] Caused by: java.lang.IllegalStateException: Expected BEGIN_OBJECT but was STRING at line 1 column 7
2024-03-17 20:46:45 [SEVERE] 	at org.bukkit.craftbukkit.libs.com.google.gson.stream.JsonReader.expect(JsonReader.java:339)
2024-03-17 20:46:45 [SEVERE] 	at org.bukkit.craftbukkit.libs.com.google.gson.stream.JsonReader.beginObject(JsonReader.java:322)
2024-03-17 20:46:45 [SEVERE] 	at org.bukkit.craftbukkit.libs.com.google.gson.internal.bind.ReflectiveTypeAdapterFactory$Adapter.read(ReflectiveTypeAdapterFactory.java:168)
2024-03-17 20:46:45 [SEVERE] 	... 5 more
2024-03-17 20:46:46 [INFO] Preparing spawn area: 8%
2024-03-17 20:46:47 [INFO] Preparing spawn area: 28%
2024-03-17 20:46:48 [INFO] Preparing spawn area: 41%
2024-03-17 20:46:49 [INFO] Preparing spawn area: 62%
2024-03-17 20:46:50 [INFO] Preparing spawn area: 79%
2024-03-17 20:46:51 [INFO] Preparing start region for level 1 (Seed: -5136257016641068503)
2024-03-17 20:46:51 [INFO] Preparing spawn area: 0%
2024-03-17 20:46:52 [INFO] Preparing spawn area: 25%
2024-03-17 20:46:53 [INFO] Preparing spawn area: 54%
2024-03-17 20:46:54 [INFO] Preparing spawn area: 91%
2024-03-17 20:46:54 [INFO] Preparing start region for level 2 (Seed: -5136257016641068503)
2024-03-17 20:46:55 [INFO] Preparing spawn area: 41%
2024-03-17 20:46:56 [INFO] Server permissions file permissions.yml is empty, ignoring it
2024-03-17 20:46:56 [INFO] Done (11.386s)! For help, type "help" or "?"
2024-03-17 20:46:56 [INFO] Crash Loop Detector is Running! (30sec)
2024-03-17 20:46:56 [INFO] To increase, add "--crashTimeout [sec]" to the program's arguments
2024-03-17 20:59:29 [INFO] Starting minecraft server version 1.5.2
2024-03-17 20:59:29 [WARNING] To start the server with more ram, launch it as "java -Xmx1024M -Xms1024M -jar minecraft_server.jar"
2024-03-17 20:59:29 [INFO] Loading properties
2024-03-17 20:59:29 [INFO] Default game type: SURVIVAL
2024-03-17 20:59:29 [INFO] Generating keypair
2024-03-17 20:59:29 [INFO] Starting Minecraft server on 127.0.0.1:25569
2024-03-17 20:59:29 [INFO] This server is running CraftBukkit version git-Bukkit-1.5.2-R1.0-b2788jnks (MC: 1.5.2) (Implementing API version 1.5.2-R1.0)
2024-03-17 20:59:29 [WARNING] **** SERVER IS RUNNING IN OFFLINE/INSECURE MODE!
2024-03-17 20:59:29 [WARNING] The server will make no attempt to authenticate usernames. Beware.
2024-03-17 20:59:29 [WARNING] While this makes the game possible to play without internet access, it also opens up the ability for hackers to connect with any username they choose.
2024-03-17 20:59:29 [WARNING] To change this, set "online-mode" to "true" in the server.properties file.
2024-03-17 20:59:29 [INFO] Preparing level "world"
2024-03-17 20:59:30 [INFO] Preparing start region for level 0 (Seed: 6447418196482247513)
2024-03-17 20:59:30 [SEVERE] Exception in thread "Thread-6" 
2024-03-17 20:59:30 [SEVERE] org.bukkit.craftbukkit.libs.com.google.gson.JsonSyntaxException: java.lang.IllegalStateException: Expected BEGIN_OBJECT but was STRING at line 1 column 7
2024-03-17 20:59:30 [SEVERE] 	at org.bukkit.craftbukkit.libs.com.google.gson.internal.bind.ReflectiveTypeAdapterFactory$Adapter.read(ReflectiveTypeAdapterFactory.java:180)
2024-03-17 20:59:30 [SEVERE] 	at org.bukkit.craftbukkit.libs.com.google.gson.Gson.fromJson(Gson.java:755)
2024-03-17 20:59:30 [SEVERE] 	at org.bukkit.craftbukkit.libs.com.google.gson.Gson.fromJson(Gson.java:694)
2024-03-17 20:59:30 [SEVERE] 	at org.bukkit.craftbukkit.v1_5_R3.updater.BukkitDLUpdaterService.fetchArtifact(BukkitDLUpdaterService.java:51)
2024-03-17 20:59:30 [SEVERE] 	at org.bukkit.craftbukkit.v1_5_R3.updater.BukkitDLUpdaterService.getArtifact(BukkitDLUpdaterService.java:28)
2024-03-17 20:59:30 [SEVERE] 	at org.bukkit.craftbukkit.v1_5_R3.updater.AutoUpdater$1.run(AutoUpdater.java:77)
2024-03-17 20:59:30 [SEVERE] Caused by: java.lang.IllegalStateException: Expected BEGIN_OBJECT but was STRING at line 1 column 7
2024-03-17 20:59:30 [SEVERE] 	at org.bukkit.craftbukkit.libs.com.google.gson.stream.JsonReader.expect(JsonReader.java:339)
2024-03-17 20:59:30 [SEVERE] 	at org.bukkit.craftbukkit.libs.com.google.gson.stream.JsonReader.beginObject(JsonReader.java:322)
2024-03-17 20:59:30 [SEVERE] 	at org.bukkit.craftbukkit.libs.com.google.gson.internal.bind.ReflectiveTypeAdapterFactory$Adapter.read(ReflectiveTypeAdapterFactory.java:168)
2024-03-17 20:59:30 [SEVERE] 	... 5 more
2024-03-17 20:59:31 [INFO] Preparing spawn area: 8%
2024-03-17 20:59:32 [INFO] Preparing spawn area: 16%
2024-03-17 20:59:33 [INFO] Preparing spawn area: 33%
2024-03-17 20:59:34 [INFO] Preparing spawn area: 45%
2024-03-17 20:59:35 [INFO] Preparing spawn area: 66%
2024-03-17 20:59:36 [INFO] Preparing spawn area: 83%
2024-03-17 20:59:37 [INFO] Preparing spawn area: 99%
2024-03-17 20:59:37 [INFO] Preparing start region for level 1 (Seed: 6447418196482247513)
2024-03-17 20:59:37 [INFO] Preparing start region for level 2 (Seed: 6447418196482247513)
2024-03-17 20:59:38 [INFO] Server permissions file permissions.yml is empty, ignoring it
2024-03-17 20:59:38 [INFO] Done (8.434s)! For help, type "help" or "?"
2024-03-17 20:59:38 [INFO] Crash Loop Detector is Running! (30sec)
2024-03-17 20:59:38 [INFO] To increase, add "--crashTimeout [sec]" to the program's arguments
2024-03-18 16:59:05 [INFO] Starting minecraft server version 1.5.2
2024-03-18 16:59:05 [INFO] Loading properties
2024-03-18 16:59:05 [INFO] Default game type: SURVIVAL
2024-03-18 16:59:05 [INFO] Generating keypair
2024-03-18 16:59:05 [INFO] Starting Minecraft server on 127.0.0.1:25569
2024-03-18 16:59:06 [INFO] This server is running CraftBukkit version git-Bukkit-1.5.2-R1.0-b2788jnks (MC: 1.5.2) (Implementing API version 1.5.2-R1.0)
2024-03-18 16:59:06 [WARNING] **** SERVER IS RUNNING IN OFFLINE/INSECURE MODE!
2024-03-18 16:59:06 [WARNING] The server will make no attempt to authenticate usernames. Beware.
2024-03-18 16:59:06 [WARNING] While this makes the game possible to play without internet access, it also opens up the ability for hackers to connect with any username they choose.
2024-03-18 16:59:06 [WARNING] To change this, set "online-mode" to "true" in the server.properties file.
2024-03-18 16:59:06 [INFO] Preparing level "world"
2024-03-18 16:59:06 [INFO] Preparing start region for level 0 (Seed: -588303220002570308)
2024-03-18 16:59:07 [SEVERE] Exception in thread "Thread-5" 
2024-03-18 16:59:07 [SEVERE] org.bukkit.craftbukkit.libs.com.google.gson.JsonSyntaxException: java.lang.IllegalStateException: Expected BEGIN_OBJECT but was STRING at line 1 column 7

2024-03-18 16:59:07 [SEVERE] 	at org.bukkit.craftbukkit.libs.com.google.gson.internal.bind.ReflectiveTypeAdapterFactory$Adapter.read(ReflectiveTypeAdapterFactory.java:180)

2024-03-18 16:59:07 [SEVERE] 	at org.bukkit.craftbukkit.libs.com.google.gson.Gson.fromJson(Gson.java:755)

2024-03-18 16:59:07 [SEVERE] 	at org.bukkit.craftbukkit.libs.com.google.gson.Gson.fromJson(Gson.java:694)

2024-03-18 16:59:07 [SEVERE] 	at org.bukkit.craftbukkit.v1_5_R3.updater.BukkitDLUpdaterService.fetchArtifact(BukkitDLUpdaterService.java:51)

2024-03-18 16:59:07 [SEVERE] 	at org.bukkit.craftbukkit.v1_5_R3.updater.BukkitDLUpdaterService.getArtifact(BukkitDLUpdaterService.java:28)

2024-03-18 16:59:07 [SEVERE] 	at org.bukkit.craftbukkit.v1_5_R3.updater.AutoUpdater$1.run(AutoUpdater.java:77)

2024-03-18 16:59:07 [SEVERE] Caused by: java.lang.IllegalStateException: Expected BEGIN_OBJECT but was STRING at line 1 column 7

2024-03-18 16:59:07 [SEVERE] 	at org.bukkit.craftbukkit.libs.com.google.gson.stream.JsonReader.expect(JsonReader.java:339)

2024-03-18 16:59:07 [SEVERE] 	at org.bukkit.craftbukkit.libs.com.google.gson.stream.JsonReader.beginObject(JsonReader.java:322)

2024-03-18 16:59:07 [SEVERE] 	at org.bukkit.craftbukkit.libs.com.google.gson.internal.bind.ReflectiveTypeAdapterFactory$Adapter.read(ReflectiveTypeAdapterFactory.java:168)

2024-03-18 16:59:07 [SEVERE] 	... 5 more

2024-03-18 16:59:07 [INFO] Preparing spawn area: 12%
2024-03-18 16:59:08 [INFO] Preparing spawn area: 58%
2024-03-18 16:59:09 [INFO] Preparing spawn area: 99%
2024-03-18 16:59:09 [INFO] Preparing start region for level 1 (Seed: -588303220002570308)
2024-03-18 16:59:10 [INFO] Preparing start region for level 2 (Seed: -588303220002570308)
2024-03-18 16:59:10 [INFO] Preparing spawn area: 49%
2024-03-18 16:59:11 [INFO] Server permissions file permissions.yml is empty, ignoring it
2024-03-18 16:59:11 [INFO] Done (4.553s)! For help, type "help" or "?"
2024-03-18 16:59:11 [INFO] Crash Loop Detector is Running! (30sec)

2024-03-18 16:59:11 [INFO] To increase, add "--crashTimeout [sec]" to the program's arguments

